<?xml version="1.0" encoding="UTF-8"?>
<testng-results skipped="0" failed="0" ignored="0" total="1" passed="1">
  <reporter-output>
  </reporter-output>
  <suite name="Default suite" duration-ms="9820" started-at="2017-10-05T08:03:03Z" finished-at="2017-10-05T08:03:13Z">
    <groups>
    </groups>
    <test name="Default test" duration-ms="9820" started-at="2017-10-05T08:03:03Z" finished-at="2017-10-05T08:03:13Z">
      <class name="com.wbl.automation.iframe">
        <test-method status="PASS" signature="Beforeclass()[pri:0, instance:com.wbl.automation.iframe@1d057a39]" name="Beforeclass" is-config="true" duration-ms="4198" started-at="2017-10-05T01:03:03Z" finished-at="2017-10-05T01:03:07Z">
          <reporter-output>
          </reporter-output>
        </test-method> <!-- Beforeclass -->
        <test-method status="PASS" signature="testframe()[pri:0, instance:com.wbl.automation.iframe@1d057a39]" name="testframe" duration-ms="5614" started-at="2017-10-05T01:03:07Z" finished-at="2017-10-05T01:03:13Z">
          <reporter-output>
          </reporter-output>
        </test-method> <!-- testframe -->
      </class> <!-- com.wbl.automation.iframe -->
    </test> <!-- Default test -->
  </suite> <!-- Default suite -->
</testng-results>
