<?xml version="1.0" encoding="UTF-8"?>
<testng-results skipped="0" failed="2" total="3" passed="1">
  <reporter-output>
  </reporter-output>
  <suite name="Default suite" duration-ms="71444" started-at="2017-10-23T07:22:42Z" finished-at="2017-10-23T07:23:53Z">
    <groups>
    </groups>
    <test name="Default test" duration-ms="71444" started-at="2017-10-23T07:22:42Z" finished-at="2017-10-23T07:23:53Z">
      <class name="com.wbl.LoginPageTest">
        <test-method status="PASS" signature="beforesuit()[pri:0, instance:com.wbl.LoginPageTest@6236eb5f]" name="beforesuit" is-config="true" duration-ms="0" started-at="2017-10-23T00:22:42Z" finished-at="2017-10-23T00:22:42Z">
          <reporter-output>
          </reporter-output>
        </test-method> <!-- beforesuit -->
        <test-method status="PASS" signature="beforemethod()[pri:0, instance:com.wbl.LoginPageTest@6236eb5f]" name="beforemethod" is-config="true" duration-ms="7569" started-at="2017-10-23T00:22:43Z" finished-at="2017-10-23T00:22:50Z">
          <reporter-output>
          </reporter-output>
        </test-method> <!-- beforemethod -->
        <test-method status="FAIL" signature="LoginPageTesttest(java.lang.String, java.lang.String, java.lang.String)[pri:0, instance:com.wbl.LoginPageTest@6236eb5f]" name="LoginPageTesttest" duration-ms="7606" started-at="2017-10-23T00:22:50Z" data-provider="signinsearch" finished-at="2017-10-23T00:22:58Z">
          <params>
            <param index="0">
              <value>
                <![CDATA[dharapshah@gmail.com]]>
              </value>
            </param>
            <param index="1">
              <value>
                <![CDATA[dhara12345]]>
              </value>
            </param>
            <param index="2">
              <value>
                <![CDATA[Sign in or Register | eBay]]>
              </value>
            </param>
          </params>
          <exception class="junit.framework.ComparisonFailure">
            <message>
              <![CDATA[expected:<...n or Register | eBay[ - Error]> but was:<...n or Register | eBay[]>]]>
            </message>
            <full-stacktrace>
              <![CDATA[junit.framework.ComparisonFailure: expected:<...n or Register | eBay[ - Error]> but was:<...n or Register | eBay[]>
	at junit.framework.Assert.assertEquals(Assert.java:85)
	at junit.framework.Assert.assertEquals(Assert.java:91)
	at com.wbl.LoginPageTest.LoginPageTesttest(LoginPageTest.java:34)
	at sun.reflect.NativeMethodAccessorImpl.invoke0(Native Method)
	at sun.reflect.NativeMethodAccessorImpl.invoke(NativeMethodAccessorImpl.java:62)
	at sun.reflect.DelegatingMethodAccessorImpl.invoke(DelegatingMethodAccessorImpl.java:43)
	at java.lang.reflect.Method.invoke(Method.java:498)
	at org.testng.internal.MethodInvocationHelper.invokeMethod(MethodInvocationHelper.java:85)
	at org.testng.internal.Invoker.invokeMethod(Invoker.java:639)
	at org.testng.internal.Invoker.invokeTestMethod(Invoker.java:816)
	at org.testng.internal.Invoker.invokeTestMethods(Invoker.java:1124)
	at org.testng.internal.TestMethodWorker.invokeTestMethods(TestMethodWorker.java:125)
	at org.testng.internal.TestMethodWorker.run(TestMethodWorker.java:108)
	at org.testng.TestRunner.privateRun(TestRunner.java:774)
	at org.testng.TestRunner.run(TestRunner.java:624)
	at org.testng.SuiteRunner.runTest(SuiteRunner.java:359)
	at org.testng.SuiteRunner.runSequentially(SuiteRunner.java:354)
	at org.testng.SuiteRunner.privateRun(SuiteRunner.java:312)
	at org.testng.SuiteRunner.run(SuiteRunner.java:261)
	at org.testng.SuiteRunnerWorker.runSuite(SuiteRunnerWorker.java:52)
	at org.testng.SuiteRunnerWorker.run(SuiteRunnerWorker.java:86)
	at org.testng.TestNG.runSuitesSequentially(TestNG.java:1215)
	at org.testng.TestNG.runSuitesLocally(TestNG.java:1140)
	at org.testng.TestNG.run(TestNG.java:1048)
	at org.testng.remote.AbstractRemoteTestNG.run(AbstractRemoteTestNG.java:132)
	at org.testng.remote.RemoteTestNG.initAndRun(RemoteTestNG.java:230)
	at org.testng.remote.RemoteTestNG.main(RemoteTestNG.java:76)
]]>
            </full-stacktrace>
          </exception> <!-- junit.framework.ComparisonFailure -->
          <reporter-output>
          </reporter-output>
        </test-method> <!-- LoginPageTesttest -->
        <test-method status="PASS" signature="beforemethod()[pri:0, instance:com.wbl.LoginPageTest@6236eb5f]" name="beforemethod" is-config="true" duration-ms="9101" started-at="2017-10-23T00:22:58Z" finished-at="2017-10-23T00:23:07Z">
          <reporter-output>
          </reporter-output>
        </test-method> <!-- beforemethod -->
        <test-method status="FAIL" signature="LoginPageTesttest(java.lang.String, java.lang.String, java.lang.String)[pri:0, instance:com.wbl.LoginPageTest@6236eb5f]" name="LoginPageTesttest" duration-ms="18546" started-at="2017-10-23T00:23:07Z" data-provider="signinsearch" finished-at="2017-10-23T00:23:25Z">
          <params>
            <param index="0">
              <value>
                <![CDATA[jack897@yahoo.com]]>
              </value>
            </param>
            <param index="1">
              <value>
                <![CDATA[6866jbnbbkj]]>
              </value>
            </param>
            <param index="2">
              <value>
                <![CDATA[Sign in or Register | eBay]]>
              </value>
            </param>
          </params>
          <exception class="junit.framework.ComparisonFailure">
            <message>
              <![CDATA[expected:<...n or Register | eBay[ - Error]> but was:<...n or Register | eBay[]>]]>
            </message>
            <full-stacktrace>
              <![CDATA[junit.framework.ComparisonFailure: expected:<...n or Register | eBay[ - Error]> but was:<...n or Register | eBay[]>
	at junit.framework.Assert.assertEquals(Assert.java:85)
	at junit.framework.Assert.assertEquals(Assert.java:91)
	at com.wbl.LoginPageTest.LoginPageTesttest(LoginPageTest.java:34)
	at sun.reflect.NativeMethodAccessorImpl.invoke0(Native Method)
	at sun.reflect.NativeMethodAccessorImpl.invoke(NativeMethodAccessorImpl.java:62)
	at sun.reflect.DelegatingMethodAccessorImpl.invoke(DelegatingMethodAccessorImpl.java:43)
	at java.lang.reflect.Method.invoke(Method.java:498)
	at org.testng.internal.MethodInvocationHelper.invokeMethod(MethodInvocationHelper.java:85)
	at org.testng.internal.Invoker.invokeMethod(Invoker.java:639)
	at org.testng.internal.Invoker.invokeTestMethod(Invoker.java:816)
	at org.testng.internal.Invoker.invokeTestMethods(Invoker.java:1124)
	at org.testng.internal.TestMethodWorker.invokeTestMethods(TestMethodWorker.java:125)
	at org.testng.internal.TestMethodWorker.run(TestMethodWorker.java:108)
	at org.testng.TestRunner.privateRun(TestRunner.java:774)
	at org.testng.TestRunner.run(TestRunner.java:624)
	at org.testng.SuiteRunner.runTest(SuiteRunner.java:359)
	at org.testng.SuiteRunner.runSequentially(SuiteRunner.java:354)
	at org.testng.SuiteRunner.privateRun(SuiteRunner.java:312)
	at org.testng.SuiteRunner.run(SuiteRunner.java:261)
	at org.testng.SuiteRunnerWorker.runSuite(SuiteRunnerWorker.java:52)
	at org.testng.SuiteRunnerWorker.run(SuiteRunnerWorker.java:86)
	at org.testng.TestNG.runSuitesSequentially(TestNG.java:1215)
	at org.testng.TestNG.runSuitesLocally(TestNG.java:1140)
	at org.testng.TestNG.run(TestNG.java:1048)
	at org.testng.remote.AbstractRemoteTestNG.run(AbstractRemoteTestNG.java:132)
	at org.testng.remote.RemoteTestNG.initAndRun(RemoteTestNG.java:230)
	at org.testng.remote.RemoteTestNG.main(RemoteTestNG.java:76)
]]>
            </full-stacktrace>
          </exception> <!-- junit.framework.ComparisonFailure -->
          <reporter-output>
          </reporter-output>
        </test-method> <!-- LoginPageTesttest -->
        <test-method status="PASS" signature="beforemethod()[pri:0, instance:com.wbl.LoginPageTest@6236eb5f]" name="beforemethod" is-config="true" duration-ms="8480" started-at="2017-10-23T00:23:25Z" finished-at="2017-10-23T00:23:34Z">
          <reporter-output>
          </reporter-output>
        </test-method> <!-- beforemethod -->
        <test-method status="PASS" signature="LoginPageTesttest(java.lang.String, java.lang.String, java.lang.String)[pri:0, instance:com.wbl.LoginPageTest@6236eb5f]" name="LoginPageTesttest" duration-ms="19369" started-at="2017-10-23T00:23:34Z" data-provider="signinsearch" finished-at="2017-10-23T00:23:53Z">
          <params>
            <param index="0">
              <value>
                <![CDATA[pranavindia2007@gmail.com]]>
              </value>
            </param>
            <param index="1">
              <value>
                <![CDATA[vadnagar@123]]>
              </value>
            </param>
            <param index="2">
              <value>
                <![CDATA[Electronics, Cars, Fashion, Collectibles, Coupons and More | eBay]]>
              </value>
            </param>
          </params>
          <reporter-output>
          </reporter-output>
        </test-method> <!-- LoginPageTesttest -->
      </class> <!-- com.wbl.LoginPageTest -->
    </test> <!-- Default test -->
  </suite> <!-- Default suite -->
</testng-results>
